

================================================================
== Vitis HLS Report for 'fft'
================================================================
* Date:           Tue Apr 11 15:41:08 2023

* Version:        2022.1 (Build 3526262 on Mon Apr 18 15:48:16 MDT 2022)
* Project:        2_Skeleton_Restructured
* Solution:       solution8 (Vivado IP Flow Target)
* Product family: zynq
* Target device:  xc7z020-clg400-1


================================================================
== Performance Estimates
================================================================
+ Timing: 
    * Summary: 
    +--------+----------+----------+------------+
    |  Clock |  Target  | Estimated| Uncertainty|
    +--------+----------+----------+------------+
    |ap_clk  |  10.00 ns|  7.300 ns|     2.70 ns|
    +--------+----------+----------+------------+

+ Latency: 
    * Summary: 
    +---------+---------+-----------+-----------+------+------+---------+
    |  Latency (cycles) |   Latency (absolute)  |   Interval  | Pipeline|
    |   min   |   max   |    min    |    max    |  min |  max |   Type  |
    +---------+---------+-----------+-----------+------+------+---------+
    |     7906|     7906|  79.060 us|  79.060 us|  7907|  7907|       no|
    +---------+---------+-----------+-----------+------+------+---------+

    + Detail: 
        * Instance: 
        +-------------------------------------------+--------------------------------+---------+---------+-----------+-----------+------+------+---------+
        |                                           |                                |  Latency (cycles) |   Latency (absolute)  |   Interval  | Pipeline|
        |                  Instance                 |             Module             |   min   |   max   |    min    |    max    |  min |  max |   Type  |
        +-------------------------------------------+--------------------------------+---------+---------+-----------+-----------+------+------+---------+
        |grp_fft_Pipeline_1_fu_350                  |fft_Pipeline_1                  |     1027|     1027|  10.270 us|  10.270 us|  1027|  1027|       no|
        |grp_fft_Pipeline_2_fu_359                  |fft_Pipeline_2                  |     1027|     1027|  10.270 us|  10.270 us|  1027|  1027|       no|
        |grp_fft_Pipeline_Reverse_Operation_fu_368  |fft_Pipeline_Reverse_Operation  |      516|      516|   5.160 us|   5.160 us|   516|   516|       no|
        |grp_fft_Pipeline_First_stage_loop_fu_381   |fft_Pipeline_First_stage_loop   |      529|      529|   5.290 us|   5.290 us|   529|   529|       no|
        |grp_fft_Pipeline_Stage_loop_2_fu_392       |fft_Pipeline_Stage_loop_2       |      530|      530|   5.300 us|   5.300 us|   530|   530|       no|
        |grp_fft_Pipeline_Stage_loop_3_fu_407       |fft_Pipeline_Stage_loop_3       |      530|      530|   5.300 us|   5.300 us|   530|   530|       no|
        |grp_fft_Pipeline_Stage_loop_4_fu_422       |fft_Pipeline_Stage_loop_4       |      530|      530|   5.300 us|   5.300 us|   530|   530|       no|
        |grp_fft_Pipeline_Stage_loop_5_fu_437       |fft_Pipeline_Stage_loop_5       |      530|      530|   5.300 us|   5.300 us|   530|   530|       no|
        |grp_fft_Pipeline_Stage_loop_6_fu_452       |fft_Pipeline_Stage_loop_6       |      530|      530|   5.300 us|   5.300 us|   530|   530|       no|
        |grp_fft_Pipeline_Stage_loop_7_fu_468       |fft_Pipeline_Stage_loop_7       |      530|      530|   5.300 us|   5.300 us|   530|   530|       no|
        |grp_fft_Pipeline_Stage_loop_8_fu_484       |fft_Pipeline_Stage_loop_8       |      530|      530|   5.300 us|   5.300 us|   530|   530|       no|
        |grp_fft_Pipeline_Stage_loop_9_fu_500       |fft_Pipeline_Stage_loop_9       |      530|      530|   5.300 us|   5.300 us|   530|   530|       no|
        |grp_fft_Pipeline_last_stage_loop_fu_516    |fft_Pipeline_last_stage_loop    |      529|      529|   5.290 us|   5.290 us|   529|   529|       no|
        |grp_fft_Pipeline_14_fu_532                 |fft_Pipeline_14                 |     1027|     1027|  10.270 us|  10.270 us|  1027|  1027|       no|
        |grp_fft_Pipeline_15_fu_541                 |fft_Pipeline_15                 |     1027|     1027|  10.270 us|  10.270 us|  1027|  1027|       no|
        +-------------------------------------------+--------------------------------+---------+---------+-----------+-----------+------+------+---------+

        * Loop: 
        N/A



================================================================
== Utilization Estimates
================================================================
* Summary: 
+-----------------+---------+-----+--------+-------+-----+
|       Name      | BRAM_18K| DSP |   FF   |  LUT  | URAM|
+-----------------+---------+-----+--------+-------+-----+
|DSP              |        -|    -|       -|      -|    -|
|Expression       |        -|    -|       0|     10|    -|
|FIFO             |        -|    -|       -|      -|    -|
|Instance         |        1|   24|   15049|  12716|    -|
|Memory           |       90|    -|       0|      0|    0|
|Multiplexer      |        -|    -|       -|   5365|    -|
|Register         |        -|    -|     302|      -|    -|
+-----------------+---------+-----+--------+-------+-----+
|Total            |       91|   24|   15351|  18091|    0|
+-----------------+---------+-----+--------+-------+-----+
|Available        |      280|  220|  106400|  53200|    0|
+-----------------+---------+-----+--------+-------+-----+
|Utilization (%)  |       32|   10|      14|     34|    0|
+-----------------+---------+-----+--------+-------+-----+

+ Detail: 
    * Instance: 
    +-------------------------------------------+--------------------------------+---------+----+------+------+-----+
    |                  Instance                 |             Module             | BRAM_18K| DSP|  FF  |  LUT | URAM|
    +-------------------------------------------+--------------------------------+---------+----+------+------+-----+
    |control_s_axi_U                            |control_s_axi                   |        0|   0|   316|   552|    0|
    |fadd_32ns_32ns_32_5_full_dsp_1_U256        |fadd_32ns_32ns_32_5_full_dsp_1  |        0|   2|   205|   390|    0|
    |fadd_32ns_32ns_32_5_full_dsp_1_U259        |fadd_32ns_32ns_32_5_full_dsp_1  |        0|   2|   205|   390|    0|
    |fadd_32ns_32ns_32_5_full_dsp_1_U260        |fadd_32ns_32ns_32_5_full_dsp_1  |        0|   2|   205|   390|    0|
    |grp_fft_Pipeline_1_fu_350                  |fft_Pipeline_1                  |        0|   0|    69|    75|    0|
    |grp_fft_Pipeline_14_fu_532                 |fft_Pipeline_14                 |        0|   0|    50|    82|    0|
    |grp_fft_Pipeline_15_fu_541                 |fft_Pipeline_15                 |        0|   0|    50|    82|    0|
    |grp_fft_Pipeline_2_fu_359                  |fft_Pipeline_2                  |        0|   0|    69|    75|    0|
    |grp_fft_Pipeline_First_stage_loop_fu_381   |fft_Pipeline_First_stage_loop   |        0|   0|   704|   188|    0|
    |grp_fft_Pipeline_Reverse_Operation_fu_368  |fft_Pipeline_Reverse_Operation  |        1|   0|   369|   192|    0|
    |grp_fft_Pipeline_Stage_loop_2_fu_392       |fft_Pipeline_Stage_loop_2       |        0|   0|  1167|   386|    0|
    |grp_fft_Pipeline_Stage_loop_3_fu_407       |fft_Pipeline_Stage_loop_3       |        0|   0|   979|   272|    0|
    |grp_fft_Pipeline_Stage_loop_4_fu_422       |fft_Pipeline_Stage_loop_4       |        0|   0|  1167|   386|    0|
    |grp_fft_Pipeline_Stage_loop_5_fu_437       |fft_Pipeline_Stage_loop_5       |        0|   0|   979|   272|    0|
    |grp_fft_Pipeline_Stage_loop_6_fu_452       |fft_Pipeline_Stage_loop_6       |        0|   0|   905|   258|    0|
    |grp_fft_Pipeline_Stage_loop_7_fu_468       |fft_Pipeline_Stage_loop_7       |        0|   0|   905|   258|    0|
    |grp_fft_Pipeline_Stage_loop_8_fu_484       |fft_Pipeline_Stage_loop_8       |        0|   0|   905|   258|    0|
    |grp_fft_Pipeline_Stage_loop_9_fu_500       |fft_Pipeline_Stage_loop_9       |        0|   0|   905|   258|    0|
    |grp_fft_Pipeline_last_stage_loop_fu_516    |fft_Pipeline_last_stage_loop    |        0|   0|   836|   226|    0|
    |fmul_32ns_32ns_32_4_max_dsp_1_U261         |fmul_32ns_32ns_32_4_max_dsp_1   |        0|   3|   143|   321|    0|
    |fmul_32ns_32ns_32_4_max_dsp_1_U262         |fmul_32ns_32ns_32_4_max_dsp_1   |        0|   3|   143|   321|    0|
    |fmul_32ns_32ns_32_4_max_dsp_1_U263         |fmul_32ns_32ns_32_4_max_dsp_1   |        0|   3|   143|   321|    0|
    |fmul_32ns_32ns_32_4_max_dsp_1_U264         |fmul_32ns_32ns_32_4_max_dsp_1   |        0|   3|   143|   321|    0|
    |fsub_32ns_32ns_32_5_full_dsp_1_U255        |fsub_32ns_32ns_32_5_full_dsp_1  |        0|   2|   205|   390|    0|
    |fsub_32ns_32ns_32_5_full_dsp_1_U257        |fsub_32ns_32ns_32_5_full_dsp_1  |        0|   2|   205|   390|    0|
    |fsub_32ns_32ns_32_5_full_dsp_1_U258        |fsub_32ns_32ns_32_5_full_dsp_1  |        0|   2|   205|   390|    0|
    |input_0_m_axi_U                            |input_0_m_axi                   |        0|   0|   718|  1318|    0|
    |input_1_m_axi_U                            |input_1_m_axi                   |        0|   0|   718|  1318|    0|
    |output_0_m_axi_U                           |output_0_m_axi                  |        0|   0|   718|  1318|    0|
    |output_1_m_axi_U                           |output_1_m_axi                  |        0|   0|   718|  1318|    0|
    +-------------------------------------------+--------------------------------+---------+----+------+------+-----+
    |Total                                      |                                |        1|  24| 15049| 12716|    0|
    +-------------------------------------------+--------------------------------+---------+----+------+------+-----+

    * DSP: 
    N/A

    * Memory: 
    +--------------+------------------------+---------+---+----+-----+------+-----+------+-------------+
    |    Memory    |         Module         | BRAM_18K| FF| LUT| URAM| Words| Bits| Banks| W*Bits*Banks|
    +--------------+------------------------+---------+---+----+-----+------+-----+------+-------------+
    |Stage0_I_U    |Stage0_I_RAM_AUTO_1R1W  |        2|  0|   0|    0|  1024|   32|     1|        32768|
    |Stage2_R_U    |Stage0_I_RAM_AUTO_1R1W  |        2|  0|   0|    0|  1024|   32|     1|        32768|
    |Stage4_R_U    |Stage0_I_RAM_AUTO_1R1W  |        2|  0|   0|    0|  1024|   32|     1|        32768|
    |Stage0_R_U    |Stage0_R_RAM_AUTO_1R1W  |        1|  0|   0|    0|   512|   32|     1|        16384|
    |Stage0_R_1_U  |Stage0_R_RAM_AUTO_1R1W  |        1|  0|   0|    0|   512|   32|     1|        16384|
    |Stage2_I_U    |Stage2_I_RAM_AUTO_1R1W  |        2|  0|   0|    0|   512|   32|     1|        16384|
    |Stage2_I_1_U  |Stage2_I_RAM_AUTO_1R1W  |        2|  0|   0|    0|   512|   32|     1|        16384|
    |Stage3_R_U    |Stage2_I_RAM_AUTO_1R1W  |        2|  0|   0|    0|   512|   32|     1|        16384|
    |Stage3_R_1_U  |Stage2_I_RAM_AUTO_1R1W  |        2|  0|   0|    0|   512|   32|     1|        16384|
    |Stage3_I_U    |Stage2_I_RAM_AUTO_1R1W  |        2|  0|   0|    0|   512|   32|     1|        16384|
    |Stage3_I_1_U  |Stage2_I_RAM_AUTO_1R1W  |        2|  0|   0|    0|   512|   32|     1|        16384|
    |Stage4_I_U    |Stage2_I_RAM_AUTO_1R1W  |        2|  0|   0|    0|   512|   32|     1|        16384|
    |Stage4_I_1_U  |Stage2_I_RAM_AUTO_1R1W  |        2|  0|   0|    0|   512|   32|     1|        16384|
    |Stage5_R_U    |Stage2_I_RAM_AUTO_1R1W  |        2|  0|   0|    0|   512|   32|     1|        16384|
    |Stage5_R_1_U  |Stage2_I_RAM_AUTO_1R1W  |        2|  0|   0|    0|   512|   32|     1|        16384|
    |Stage5_I_U    |Stage2_I_RAM_AUTO_1R1W  |        2|  0|   0|    0|   512|   32|     1|        16384|
    |Stage5_I_1_U  |Stage2_I_RAM_AUTO_1R1W  |        2|  0|   0|    0|   512|   32|     1|        16384|
    |Stage6_R_U    |Stage2_I_RAM_AUTO_1R1W  |        2|  0|   0|    0|   512|   32|     1|        16384|
    |Stage6_R_1_U  |Stage2_I_RAM_AUTO_1R1W  |        2|  0|   0|    0|   512|   32|     1|        16384|
    |Stage6_I_U    |Stage2_I_RAM_AUTO_1R1W  |        2|  0|   0|    0|   512|   32|     1|        16384|
    |Stage6_I_1_U  |Stage2_I_RAM_AUTO_1R1W  |        2|  0|   0|    0|   512|   32|     1|        16384|
    |Stage7_R_U    |Stage2_I_RAM_AUTO_1R1W  |        2|  0|   0|    0|   512|   32|     1|        16384|
    |Stage7_R_1_U  |Stage2_I_RAM_AUTO_1R1W  |        2|  0|   0|    0|   512|   32|     1|        16384|
    |Stage7_I_U    |Stage2_I_RAM_AUTO_1R1W  |        2|  0|   0|    0|   512|   32|     1|        16384|
    |Stage7_I_1_U  |Stage2_I_RAM_AUTO_1R1W  |        2|  0|   0|    0|   512|   32|     1|        16384|
    |Stage8_R_U    |Stage2_I_RAM_AUTO_1R1W  |        2|  0|   0|    0|   512|   32|     1|        16384|
    |Stage8_R_1_U  |Stage2_I_RAM_AUTO_1R1W  |        2|  0|   0|    0|   512|   32|     1|        16384|
    |Stage8_I_U    |Stage2_I_RAM_AUTO_1R1W  |        2|  0|   0|    0|   512|   32|     1|        16384|
    |Stage8_I_1_U  |Stage2_I_RAM_AUTO_1R1W  |        2|  0|   0|    0|   512|   32|     1|        16384|
    |Stage9_R_U    |Stage2_I_RAM_AUTO_1R1W  |        2|  0|   0|    0|   512|   32|     1|        16384|
    |Stage9_R_1_U  |Stage2_I_RAM_AUTO_1R1W  |        2|  0|   0|    0|   512|   32|     1|        16384|
    |Stage9_I_U    |Stage2_I_RAM_AUTO_1R1W  |        2|  0|   0|    0|   512|   32|     1|        16384|
    |Stage9_I_1_U  |Stage2_I_RAM_AUTO_1R1W  |        2|  0|   0|    0|   512|   32|     1|        16384|
    |W_imag_U      |W_imag_ROM_AUTO_1R      |        1|  0|   0|    0|   512|   32|     1|        16384|
    |W_real_U      |W_real_ROM_AUTO_1R      |        1|  0|   0|    0|   512|   32|     1|        16384|
    |buf_o_R_U     |buf_o_R_RAM_AUTO_1R1W   |        2|  0|   0|    0|   512|   32|     1|        16384|
    |buf_o_R_1_U   |buf_o_R_RAM_AUTO_1R1W   |        2|  0|   0|    0|   512|   32|     1|        16384|
    |buf_o_I_U     |buf_o_R_RAM_AUTO_1R1W   |        2|  0|   0|    0|   512|   32|     1|        16384|
    |buf_o_I_1_U   |buf_o_R_RAM_AUTO_1R1W   |        2|  0|   0|    0|   512|   32|     1|        16384|
    |in_R_U        |in_R_RAM_AUTO_1R1W      |        2|  0|   0|    0|   512|   32|     1|        16384|
    |in_R_1_U      |in_R_RAM_AUTO_1R1W      |        2|  0|   0|    0|   512|   32|     1|        16384|
    |in_I_U        |in_R_RAM_AUTO_1R1W      |        2|  0|   0|    0|   512|   32|     1|        16384|
    |in_I_1_U      |in_R_RAM_AUTO_1R1W      |        2|  0|   0|    0|   512|   32|     1|        16384|
    |Stage1_R_U    |in_R_RAM_AUTO_1R1W      |        2|  0|   0|    0|   512|   32|     1|        16384|
    |Stage1_R_1_U  |in_R_RAM_AUTO_1R1W      |        2|  0|   0|    0|   512|   32|     1|        16384|
    |Stage1_I_U    |in_R_RAM_AUTO_1R1W      |        2|  0|   0|    0|   512|   32|     1|        16384|
    |Stage1_I_1_U  |in_R_RAM_AUTO_1R1W      |        2|  0|   0|    0|   512|   32|     1|        16384|
    +--------------+------------------------+---------+---+----+-----+------+-----+------+-------------+
    |Total         |                        |       90|  0|   0|    0| 25600| 1504|    47|       819200|
    +--------------+------------------------+---------+---+----+-----+------+-----+------+-------------+

    * FIFO: 
    N/A

    * Expression: 
    +----------------------------------+----------+----+---+----+------------+------------+
    |           Variable Name          | Operation| DSP| FF| LUT| Bitwidth P0| Bitwidth P1|
    +----------------------------------+----------+----+---+----+------------+------------+
    |ap_block_state10_on_subcall_done  |        or|   0|  0|   2|           1|           1|
    |ap_block_state2_io                |        or|   0|  0|   2|           1|           1|
    |ap_block_state32_io               |        or|   0|  0|   2|           1|           1|
    |ap_block_state34_on_subcall_done  |        or|   0|  0|   2|           1|           1|
    |ap_block_state39                  |        or|   0|  0|   2|           1|           1|
    +----------------------------------+----------+----+---+----+------------+------------+
    |Total                             |          |   0|  0|  10|           5|           5|
    +----------------------------------+----------+----+---+----+------------+------------+

    * Multiplexer: 
    +---------------------+-----+-----------+-----+-----------+
    |         Name        | LUT | Input Size| Bits| Total Bits|
    +---------------------+-----+-----------+-----+-----------+
    |Stage0_I_address0    |   14|          3|   10|         30|
    |Stage0_I_address1    |   14|          3|   10|         30|
    |Stage0_I_ce0         |   14|          3|    1|          3|
    |Stage0_I_ce1         |   14|          3|    1|          3|
    |Stage0_I_we0         |    9|          2|    1|          2|
    |Stage0_I_we1         |    9|          2|    1|          2|
    |Stage0_R_1_address0  |   14|          3|    9|         27|
    |Stage0_R_1_ce0       |   14|          3|    1|          3|
    |Stage0_R_1_we0       |    9|          2|    1|          2|
    |Stage0_R_address0    |   14|          3|    9|         27|
    |Stage0_R_ce0         |   14|          3|    1|          3|
    |Stage0_R_we0         |    9|          2|    1|          2|
    |Stage1_I_1_address0  |   14|          3|    9|         27|
    |Stage1_I_1_ce0       |   14|          3|    1|          3|
    |Stage1_I_1_ce1       |    9|          2|    1|          2|
    |Stage1_I_1_we0       |    9|          2|    1|          2|
    |Stage1_I_address0    |   14|          3|    9|         27|
    |Stage1_I_ce0         |   14|          3|    1|          3|
    |Stage1_I_ce1         |    9|          2|    1|          2|
    |Stage1_I_we0         |    9|          2|    1|          2|
    |Stage1_R_1_address0  |   14|          3|    9|         27|
    |Stage1_R_1_ce0       |   14|          3|    1|          3|
    |Stage1_R_1_ce1       |    9|          2|    1|          2|
    |Stage1_R_1_we0       |    9|          2|    1|          2|
    |Stage1_R_address0    |   14|          3|    9|         27|
    |Stage1_R_ce0         |   14|          3|    1|          3|
    |Stage1_R_ce1         |    9|          2|    1|          2|
    |Stage1_R_we0         |    9|          2|    1|          2|
    |Stage2_I_1_address0  |   14|          3|    9|         27|
    |Stage2_I_1_address1  |   14|          3|    9|         27|
    |Stage2_I_1_ce0       |   14|          3|    1|          3|
    |Stage2_I_1_ce1       |   14|          3|    1|          3|
    |Stage2_I_1_we0       |    9|          2|    1|          2|
    |Stage2_I_1_we1       |    9|          2|    1|          2|
    |Stage2_I_address0    |   14|          3|    9|         27|
    |Stage2_I_address1    |   14|          3|    9|         27|
    |Stage2_I_ce0         |   14|          3|    1|          3|
    |Stage2_I_ce1         |   14|          3|    1|          3|
    |Stage2_I_we0         |    9|          2|    1|          2|
    |Stage2_I_we1         |    9|          2|    1|          2|
    |Stage2_R_address0    |   14|          3|   10|         30|
    |Stage2_R_address1    |   14|          3|   10|         30|
    |Stage2_R_ce0         |   14|          3|    1|          3|
    |Stage2_R_ce1         |   14|          3|    1|          3|
    |Stage2_R_we0         |    9|          2|    1|          2|
    |Stage2_R_we1         |    9|          2|    1|          2|
    |Stage3_I_1_address0  |   14|          3|    9|         27|
    |Stage3_I_1_address1  |   14|          3|    9|         27|
    |Stage3_I_1_ce0       |   14|          3|    1|          3|
    |Stage3_I_1_ce1       |   14|          3|    1|          3|
    |Stage3_I_1_we0       |    9|          2|    1|          2|
    |Stage3_I_1_we1       |    9|          2|    1|          2|
    |Stage3_I_address0    |   14|          3|    9|         27|
    |Stage3_I_address1    |   14|          3|    9|         27|
    |Stage3_I_ce0         |   14|          3|    1|          3|
    |Stage3_I_ce1         |   14|          3|    1|          3|
    |Stage3_I_we0         |    9|          2|    1|          2|
    |Stage3_I_we1         |    9|          2|    1|          2|
    |Stage3_R_1_address0  |   14|          3|    9|         27|
    |Stage3_R_1_address1  |   14|          3|    9|         27|
    |Stage3_R_1_ce0       |   14|          3|    1|          3|
    |Stage3_R_1_ce1       |   14|          3|    1|          3|
    |Stage3_R_1_we0       |    9|          2|    1|          2|
    |Stage3_R_1_we1       |    9|          2|    1|          2|
    |Stage3_R_address0    |   14|          3|    9|         27|
    |Stage3_R_address1    |   14|          3|    9|         27|
    |Stage3_R_ce0         |   14|          3|    1|          3|
    |Stage3_R_ce1         |   14|          3|    1|          3|
    |Stage3_R_we0         |    9|          2|    1|          2|
    |Stage3_R_we1         |    9|          2|    1|          2|
    |Stage4_I_1_address0  |   14|          3|    9|         27|
    |Stage4_I_1_address1  |   14|          3|    9|         27|
    |Stage4_I_1_ce0       |   14|          3|    1|          3|
    |Stage4_I_1_ce1       |   14|          3|    1|          3|
    |Stage4_I_1_we0       |    9|          2|    1|          2|
    |Stage4_I_1_we1       |    9|          2|    1|          2|
    |Stage4_I_address0    |   14|          3|    9|         27|
    |Stage4_I_address1    |   14|          3|    9|         27|
    |Stage4_I_ce0         |   14|          3|    1|          3|
    |Stage4_I_ce1         |   14|          3|    1|          3|
    |Stage4_I_we0         |    9|          2|    1|          2|
    |Stage4_I_we1         |    9|          2|    1|          2|
    |Stage4_R_address0    |   14|          3|   10|         30|
    |Stage4_R_address1    |   14|          3|   10|         30|
    |Stage4_R_ce0         |   14|          3|    1|          3|
    |Stage4_R_ce1         |   14|          3|    1|          3|
    |Stage4_R_we0         |    9|          2|    1|          2|
    |Stage4_R_we1         |    9|          2|    1|          2|
    |Stage5_I_1_address0  |   14|          3|    9|         27|
    |Stage5_I_1_address1  |   14|          3|    9|         27|
    |Stage5_I_1_ce0       |   14|          3|    1|          3|
    |Stage5_I_1_ce1       |   14|          3|    1|          3|
    |Stage5_I_1_we0       |    9|          2|    1|          2|
    |Stage5_I_1_we1       |    9|          2|    1|          2|
    |Stage5_I_address0    |   14|          3|    9|         27|
    |Stage5_I_address1    |   14|          3|    9|         27|
    |Stage5_I_ce0         |   14|          3|    1|          3|
    |Stage5_I_ce1         |   14|          3|    1|          3|
    |Stage5_I_we0         |    9|          2|    1|          2|
    |Stage5_I_we1         |    9|          2|    1|          2|
    |Stage5_R_1_address0  |   14|          3|    9|         27|
    |Stage5_R_1_address1  |   14|          3|    9|         27|
    |Stage5_R_1_ce0       |   14|          3|    1|          3|
    |Stage5_R_1_ce1       |   14|          3|    1|          3|
    |Stage5_R_1_we0       |    9|          2|    1|          2|
    |Stage5_R_1_we1       |    9|          2|    1|          2|
    |Stage5_R_address0    |   14|          3|    9|         27|
    |Stage5_R_address1    |   14|          3|    9|         27|
    |Stage5_R_ce0         |   14|          3|    1|          3|
    |Stage5_R_ce1         |   14|          3|    1|          3|
    |Stage5_R_we0         |    9|          2|    1|          2|
    |Stage5_R_we1         |    9|          2|    1|          2|
    |Stage6_I_1_address0  |   14|          3|    9|         27|
    |Stage6_I_1_address1  |   14|          3|    9|         27|
    |Stage6_I_1_ce0       |   14|          3|    1|          3|
    |Stage6_I_1_ce1       |   14|          3|    1|          3|
    |Stage6_I_1_we0       |    9|          2|    1|          2|
    |Stage6_I_1_we1       |    9|          2|    1|          2|
    |Stage6_I_address0    |   14|          3|    9|         27|
    |Stage6_I_address1    |   14|          3|    9|         27|
    |Stage6_I_ce0         |   14|          3|    1|          3|
    |Stage6_I_ce1         |   14|          3|    1|          3|
    |Stage6_I_we0         |    9|          2|    1|          2|
    |Stage6_I_we1         |    9|          2|    1|          2|
    |Stage6_R_1_address0  |   14|          3|    9|         27|
    |Stage6_R_1_address1  |   14|          3|    9|         27|
    |Stage6_R_1_ce0       |   14|          3|    1|          3|
    |Stage6_R_1_ce1       |   14|          3|    1|          3|
    |Stage6_R_1_we0       |    9|          2|    1|          2|
    |Stage6_R_1_we1       |    9|          2|    1|          2|
    |Stage6_R_address0    |   14|          3|    9|         27|
    |Stage6_R_address1    |   14|          3|    9|         27|
    |Stage6_R_ce0         |   14|          3|    1|          3|
    |Stage6_R_ce1         |   14|          3|    1|          3|
    |Stage6_R_we0         |    9|          2|    1|          2|
    |Stage6_R_we1         |    9|          2|    1|          2|
    |Stage7_I_1_address0  |   14|          3|    9|         27|
    |Stage7_I_1_address1  |   14|          3|    9|         27|
    |Stage7_I_1_ce0       |   14|          3|    1|          3|
    |Stage7_I_1_ce1       |   14|          3|    1|          3|
    |Stage7_I_1_we0       |    9|          2|    1|          2|
    |Stage7_I_1_we1       |    9|          2|    1|          2|
    |Stage7_I_address0    |   14|          3|    9|         27|
    |Stage7_I_address1    |   14|          3|    9|         27|
    |Stage7_I_ce0         |   14|          3|    1|          3|
    |Stage7_I_ce1         |   14|          3|    1|          3|
    |Stage7_I_we0         |    9|          2|    1|          2|
    |Stage7_I_we1         |    9|          2|    1|          2|
    |Stage7_R_1_address0  |   14|          3|    9|         27|
    |Stage7_R_1_address1  |   14|          3|    9|         27|
    |Stage7_R_1_ce0       |   14|          3|    1|          3|
    |Stage7_R_1_ce1       |   14|          3|    1|          3|
    |Stage7_R_1_we0       |    9|          2|    1|          2|
    |Stage7_R_1_we1       |    9|          2|    1|          2|
    |Stage7_R_address0    |   14|          3|    9|         27|
    |Stage7_R_address1    |   14|          3|    9|         27|
    |Stage7_R_ce0         |   14|          3|    1|          3|
    |Stage7_R_ce1         |   14|          3|    1|          3|
    |Stage7_R_we0         |    9|          2|    1|          2|
    |Stage7_R_we1         |    9|          2|    1|          2|
    |Stage8_I_1_address0  |   14|          3|    9|         27|
    |Stage8_I_1_address1  |   14|          3|    9|         27|
    |Stage8_I_1_ce0       |   14|          3|    1|          3|
    |Stage8_I_1_ce1       |   14|          3|    1|          3|
    |Stage8_I_1_we0       |    9|          2|    1|          2|
    |Stage8_I_1_we1       |    9|          2|    1|          2|
    |Stage8_I_address0    |   14|          3|    9|         27|
    |Stage8_I_address1    |   14|          3|    9|         27|
    |Stage8_I_ce0         |   14|          3|    1|          3|
    |Stage8_I_ce1         |   14|          3|    1|          3|
    |Stage8_I_we0         |    9|          2|    1|          2|
    |Stage8_I_we1         |    9|          2|    1|          2|
    |Stage8_R_1_address0  |   14|          3|    9|         27|
    |Stage8_R_1_address1  |   14|          3|    9|         27|
    |Stage8_R_1_ce0       |   14|          3|    1|          3|
    |Stage8_R_1_ce1       |   14|          3|    1|          3|
    |Stage8_R_1_we0       |    9|          2|    1|          2|
    |Stage8_R_1_we1       |    9|          2|    1|          2|
    |Stage8_R_address0    |   14|          3|    9|         27|
    |Stage8_R_address1    |   14|          3|    9|         27|
    |Stage8_R_ce0         |   14|          3|    1|          3|
    |Stage8_R_ce1         |   14|          3|    1|          3|
    |Stage8_R_we0         |    9|          2|    1|          2|
    |Stage8_R_we1         |    9|          2|    1|          2|
    |Stage9_I_1_address0  |   14|          3|    9|         27|
    |Stage9_I_1_address1  |   14|          3|    9|         27|
    |Stage9_I_1_ce0       |   14|          3|    1|          3|
    |Stage9_I_1_ce1       |   14|          3|    1|          3|
    |Stage9_I_1_we0       |    9|          2|    1|          2|
    |Stage9_I_1_we1       |    9|          2|    1|          2|
    |Stage9_I_address0    |   14|          3|    9|         27|
    |Stage9_I_address1    |   14|          3|    9|         27|
    |Stage9_I_ce0         |   14|          3|    1|          3|
    |Stage9_I_ce1         |   14|          3|    1|          3|
    |Stage9_I_we0         |    9|          2|    1|          2|
    |Stage9_I_we1         |    9|          2|    1|          2|
    |Stage9_R_1_address0  |   14|          3|    9|         27|
    |Stage9_R_1_address1  |   14|          3|    9|         27|
    |Stage9_R_1_ce0       |   14|          3|    1|          3|
    |Stage9_R_1_ce1       |   14|          3|    1|          3|
    |Stage9_R_1_we0       |    9|          2|    1|          2|
    |Stage9_R_1_we1       |    9|          2|    1|          2|
    |Stage9_R_address0    |   14|          3|    9|         27|
    |Stage9_R_address1    |   14|          3|    9|         27|
    |Stage9_R_ce0         |   14|          3|    1|          3|
    |Stage9_R_ce1         |   14|          3|    1|          3|
    |Stage9_R_we0         |    9|          2|    1|          2|
    |Stage9_R_we1         |    9|          2|    1|          2|
    |W_imag_address0      |   53|         10|    9|         90|
    |W_imag_ce0           |   53|         10|    1|         10|
    |W_real_address0      |   53|         10|    9|         90|
    |W_real_ce0           |   53|         10|    1|         10|
    |ap_NS_fsm            |  177|         40|    1|         40|
    |buf_o_I_1_address0   |   14|          3|    9|         27|
    |buf_o_I_1_ce0        |   14|          3|    1|          3|
    |buf_o_I_1_ce1        |    9|          2|    1|          2|
    |buf_o_I_1_we0        |    9|          2|    1|          2|
    |buf_o_I_1_we1        |    9|          2|    1|          2|
    |buf_o_I_address0     |   14|          3|    9|         27|
    |buf_o_I_ce0          |   14|          3|    1|          3|
    |buf_o_I_ce1          |    9|          2|    1|          2|
    |buf_o_I_we0          |    9|          2|    1|          2|
    |buf_o_I_we1          |    9|          2|    1|          2|
    |buf_o_R_1_address0   |   14|          3|    9|         27|
    |buf_o_R_1_ce0        |   14|          3|    1|          3|
    |buf_o_R_1_ce1        |    9|          2|    1|          2|
    |buf_o_R_1_we0        |    9|          2|    1|          2|
    |buf_o_R_1_we1        |    9|          2|    1|          2|
    |buf_o_R_address0     |   14|          3|    9|         27|
    |buf_o_R_ce0          |   14|          3|    1|          3|
    |buf_o_R_ce1          |    9|          2|    1|          2|
    |buf_o_R_we0          |    9|          2|    1|          2|
    |buf_o_R_we1          |    9|          2|    1|          2|
    |grp_fu_674_ce        |   59|         11|    1|         11|
    |grp_fu_674_p0        |   59|         11|   32|        352|
    |grp_fu_674_p1        |   59|         11|   32|        352|
    |grp_fu_678_ce        |   59|         11|    1|         11|
    |grp_fu_678_p0        |   59|         11|   32|        352|
    |grp_fu_678_p1        |   59|         11|   32|        352|
    |grp_fu_682_ce        |   59|         11|    1|         11|
    |grp_fu_682_p0        |   59|         11|   32|        352|
    |grp_fu_682_p1        |   59|         11|   32|        352|
    |grp_fu_686_ce        |   59|         11|    1|         11|
    |grp_fu_686_p0        |   59|         11|   32|        352|
    |grp_fu_686_p1        |   59|         11|   32|        352|
    |grp_fu_690_ce        |   59|         11|    1|         11|
    |grp_fu_690_p0        |   59|         11|   32|        352|
    |grp_fu_690_p1        |   59|         11|   32|        352|
    |grp_fu_694_ce        |   59|         11|    1|         11|
    |grp_fu_694_p0        |   59|         11|   32|        352|
    |grp_fu_694_p1        |   59|         11|   32|        352|
    |grp_fu_698_ce        |   59|         11|    1|         11|
    |grp_fu_698_p0        |   59|         11|   32|        352|
    |grp_fu_698_p1        |   59|         11|   32|        352|
    |grp_fu_702_ce        |   59|         11|    1|         11|
    |grp_fu_702_p0        |   59|         11|   32|        352|
    |grp_fu_702_p1        |   59|         11|   32|        352|
    |grp_fu_706_ce        |   53|         10|    1|         10|
    |grp_fu_706_p0        |   53|         10|   32|        320|
    |grp_fu_706_p1        |   53|         10|   32|        320|
    |grp_fu_710_ce        |   53|         10|    1|         10|
    |grp_fu_710_p0        |   53|         10|   32|        320|
    |grp_fu_710_p1        |   53|         10|   32|        320|
    |in_I_1_address0      |   14|          3|    9|         27|
    |in_I_1_ce0           |   14|          3|    1|          3|
    |in_I_1_ce1           |    9|          2|    1|          2|
    |in_I_1_we0           |    9|          2|    1|          2|
    |in_I_address0        |   14|          3|    9|         27|
    |in_I_ce0             |   14|          3|    1|          3|
    |in_I_ce1             |    9|          2|    1|          2|
    |in_I_we0             |    9|          2|    1|          2|
    |in_R_1_address0      |   14|          3|    9|         27|
    |in_R_1_ce0           |   14|          3|    1|          3|
    |in_R_1_ce1           |    9|          2|    1|          2|
    |in_R_1_we0           |    9|          2|    1|          2|
    |in_R_address0        |   14|          3|    9|         27|
    |in_R_ce0             |   14|          3|    1|          3|
    |in_R_ce1             |    9|          2|    1|          2|
    |in_R_we0             |    9|          2|    1|          2|
    |input_0_ARADDR       |   14|          3|   64|        192|
    |input_0_ARLEN        |   14|          3|   32|         96|
    |input_0_ARVALID      |   14|          3|    1|          3|
    |input_0_RREADY       |    9|          2|    1|          2|
    |input_0_blk_n_AR     |    9|          2|    1|          2|
    |input_1_ARADDR       |   14|          3|   64|        192|
    |input_1_ARLEN        |   14|          3|   32|         96|
    |input_1_ARVALID      |   14|          3|    1|          3|
    |input_1_RREADY       |    9|          2|    1|          2|
    |input_1_blk_n_AR     |    9|          2|    1|          2|
    |output_0_AWADDR      |   14|          3|   64|        192|
    |output_0_AWLEN       |   14|          3|   32|         96|
    |output_0_AWVALID     |   14|          3|    1|          3|
    |output_0_BREADY      |   14|          3|    1|          3|
    |output_0_WVALID      |    9|          2|    1|          2|
    |output_0_blk_n_AW    |    9|          2|    1|          2|
    |output_0_blk_n_B     |    9|          2|    1|          2|
    |output_1_AWADDR      |   14|          3|   64|        192|
    |output_1_AWLEN       |   14|          3|   32|         96|
    |output_1_AWVALID     |   14|          3|    1|          3|
    |output_1_BREADY      |   14|          3|    1|          3|
    |output_1_WVALID      |    9|          2|    1|          2|
    |output_1_blk_n_AW    |    9|          2|    1|          2|
    |output_1_blk_n_B     |    9|          2|    1|          2|
    +---------------------+-----+-----------+-----+-----------+
    |Total                | 5365|       1106| 1929|      10932|
    +---------------------+-----+-----------+-----+-----------+

    * Register: 
    +--------------------------------------------------------+----+----+-----+-----------+
    |                          Name                          | FF | LUT| Bits| Const Bits|
    +--------------------------------------------------------+----+----+-----+-----------+
    |ap_CS_fsm                                               |  39|   0|   39|          0|
    |grp_fft_Pipeline_14_fu_532_ap_start_reg                 |   1|   0|    1|          0|
    |grp_fft_Pipeline_15_fu_541_ap_start_reg                 |   1|   0|    1|          0|
    |grp_fft_Pipeline_1_fu_350_ap_start_reg                  |   1|   0|    1|          0|
    |grp_fft_Pipeline_2_fu_359_ap_start_reg                  |   1|   0|    1|          0|
    |grp_fft_Pipeline_First_stage_loop_fu_381_ap_start_reg   |   1|   0|    1|          0|
    |grp_fft_Pipeline_Reverse_Operation_fu_368_ap_start_reg  |   1|   0|    1|          0|
    |grp_fft_Pipeline_Stage_loop_2_fu_392_ap_start_reg       |   1|   0|    1|          0|
    |grp_fft_Pipeline_Stage_loop_3_fu_407_ap_start_reg       |   1|   0|    1|          0|
    |grp_fft_Pipeline_Stage_loop_4_fu_422_ap_start_reg       |   1|   0|    1|          0|
    |grp_fft_Pipeline_Stage_loop_5_fu_437_ap_start_reg       |   1|   0|    1|          0|
    |grp_fft_Pipeline_Stage_loop_6_fu_452_ap_start_reg       |   1|   0|    1|          0|
    |grp_fft_Pipeline_Stage_loop_7_fu_468_ap_start_reg       |   1|   0|    1|          0|
    |grp_fft_Pipeline_Stage_loop_8_fu_484_ap_start_reg       |   1|   0|    1|          0|
    |grp_fft_Pipeline_Stage_loop_9_fu_500_ap_start_reg       |   1|   0|    1|          0|
    |grp_fft_Pipeline_last_stage_loop_fu_516_ap_start_reg    |   1|   0|    1|          0|
    |trunc_ln1_reg_636                                       |  62|   0|   62|          0|
    |trunc_ln2_reg_642                                       |  62|   0|   62|          0|
    |trunc_ln3_reg_648                                       |  62|   0|   62|          0|
    |trunc_ln_reg_630                                        |  62|   0|   62|          0|
    +--------------------------------------------------------+----+----+-----+-----------+
    |Total                                                   | 302|   0|  302|          0|
    +--------------------------------------------------------+----+----+-----+-----------+



================================================================
== Interface
================================================================
* Summary: 
+-------------------------+-----+-----+------------+--------------+--------------+
|        RTL Ports        | Dir | Bits|  Protocol  | Source Object|    C Type    |
+-------------------------+-----+-----+------------+--------------+--------------+
|s_axi_control_AWVALID    |   in|    1|       s_axi|       control|        scalar|
|s_axi_control_AWREADY    |  out|    1|       s_axi|       control|        scalar|
|s_axi_control_AWADDR     |   in|    6|       s_axi|       control|        scalar|
|s_axi_control_WVALID     |   in|    1|       s_axi|       control|        scalar|
|s_axi_control_WREADY     |  out|    1|       s_axi|       control|        scalar|
|s_axi_control_WDATA      |   in|   32|       s_axi|       control|        scalar|
|s_axi_control_WSTRB      |   in|    4|       s_axi|       control|        scalar|
|s_axi_control_ARVALID    |   in|    1|       s_axi|       control|        scalar|
|s_axi_control_ARREADY    |  out|    1|       s_axi|       control|        scalar|
|s_axi_control_ARADDR     |   in|    6|       s_axi|       control|        scalar|
|s_axi_control_RVALID     |  out|    1|       s_axi|       control|        scalar|
|s_axi_control_RREADY     |   in|    1|       s_axi|       control|        scalar|
|s_axi_control_RDATA      |  out|   32|       s_axi|       control|        scalar|
|s_axi_control_RRESP      |  out|    2|       s_axi|       control|        scalar|
|s_axi_control_BVALID     |  out|    1|       s_axi|       control|        scalar|
|s_axi_control_BREADY     |   in|    1|       s_axi|       control|        scalar|
|s_axi_control_BRESP      |  out|    2|       s_axi|       control|        scalar|
|ap_clk                   |   in|    1|  ap_ctrl_hs|           fft|  return value|
|ap_rst_n                 |   in|    1|  ap_ctrl_hs|           fft|  return value|
|interrupt                |  out|    1|  ap_ctrl_hs|           fft|  return value|
|m_axi_input_0_AWVALID    |  out|    1|       m_axi|       input_0|       pointer|
|m_axi_input_0_AWREADY    |   in|    1|       m_axi|       input_0|       pointer|
|m_axi_input_0_AWADDR     |  out|   64|       m_axi|       input_0|       pointer|
|m_axi_input_0_AWID       |  out|    1|       m_axi|       input_0|       pointer|
|m_axi_input_0_AWLEN      |  out|    8|       m_axi|       input_0|       pointer|
|m_axi_input_0_AWSIZE     |  out|    3|       m_axi|       input_0|       pointer|
|m_axi_input_0_AWBURST    |  out|    2|       m_axi|       input_0|       pointer|
|m_axi_input_0_AWLOCK     |  out|    2|       m_axi|       input_0|       pointer|
|m_axi_input_0_AWCACHE    |  out|    4|       m_axi|       input_0|       pointer|
|m_axi_input_0_AWPROT     |  out|    3|       m_axi|       input_0|       pointer|
|m_axi_input_0_AWQOS      |  out|    4|       m_axi|       input_0|       pointer|
|m_axi_input_0_AWREGION   |  out|    4|       m_axi|       input_0|       pointer|
|m_axi_input_0_AWUSER     |  out|    1|       m_axi|       input_0|       pointer|
|m_axi_input_0_WVALID     |  out|    1|       m_axi|       input_0|       pointer|
|m_axi_input_0_WREADY     |   in|    1|       m_axi|       input_0|       pointer|
|m_axi_input_0_WDATA      |  out|   32|       m_axi|       input_0|       pointer|
|m_axi_input_0_WSTRB      |  out|    4|       m_axi|       input_0|       pointer|
|m_axi_input_0_WLAST      |  out|    1|       m_axi|       input_0|       pointer|
|m_axi_input_0_WID        |  out|    1|       m_axi|       input_0|       pointer|
|m_axi_input_0_WUSER      |  out|    1|       m_axi|       input_0|       pointer|
|m_axi_input_0_ARVALID    |  out|    1|       m_axi|       input_0|       pointer|
|m_axi_input_0_ARREADY    |   in|    1|       m_axi|       input_0|       pointer|
|m_axi_input_0_ARADDR     |  out|   64|       m_axi|       input_0|       pointer|
|m_axi_input_0_ARID       |  out|    1|       m_axi|       input_0|       pointer|
|m_axi_input_0_ARLEN      |  out|    8|       m_axi|       input_0|       pointer|
|m_axi_input_0_ARSIZE     |  out|    3|       m_axi|       input_0|       pointer|
|m_axi_input_0_ARBURST    |  out|    2|       m_axi|       input_0|       pointer|
|m_axi_input_0_ARLOCK     |  out|    2|       m_axi|       input_0|       pointer|
|m_axi_input_0_ARCACHE    |  out|    4|       m_axi|       input_0|       pointer|
|m_axi_input_0_ARPROT     |  out|    3|       m_axi|       input_0|       pointer|
|m_axi_input_0_ARQOS      |  out|    4|       m_axi|       input_0|       pointer|
|m_axi_input_0_ARREGION   |  out|    4|       m_axi|       input_0|       pointer|
|m_axi_input_0_ARUSER     |  out|    1|       m_axi|       input_0|       pointer|
|m_axi_input_0_RVALID     |   in|    1|       m_axi|       input_0|       pointer|
|m_axi_input_0_RREADY     |  out|    1|       m_axi|       input_0|       pointer|
|m_axi_input_0_RDATA      |   in|   32|       m_axi|       input_0|       pointer|
|m_axi_input_0_RLAST      |   in|    1|       m_axi|       input_0|       pointer|
|m_axi_input_0_RID        |   in|    1|       m_axi|       input_0|       pointer|
|m_axi_input_0_RUSER      |   in|    1|       m_axi|       input_0|       pointer|
|m_axi_input_0_RRESP      |   in|    2|       m_axi|       input_0|       pointer|
|m_axi_input_0_BVALID     |   in|    1|       m_axi|       input_0|       pointer|
|m_axi_input_0_BREADY     |  out|    1|       m_axi|       input_0|       pointer|
|m_axi_input_0_BRESP      |   in|    2|       m_axi|       input_0|       pointer|
|m_axi_input_0_BID        |   in|    1|       m_axi|       input_0|       pointer|
|m_axi_input_0_BUSER      |   in|    1|       m_axi|       input_0|       pointer|
|m_axi_input_1_AWVALID    |  out|    1|       m_axi|       input_1|       pointer|
|m_axi_input_1_AWREADY    |   in|    1|       m_axi|       input_1|       pointer|
|m_axi_input_1_AWADDR     |  out|   64|       m_axi|       input_1|       pointer|
|m_axi_input_1_AWID       |  out|    1|       m_axi|       input_1|       pointer|
|m_axi_input_1_AWLEN      |  out|    8|       m_axi|       input_1|       pointer|
|m_axi_input_1_AWSIZE     |  out|    3|       m_axi|       input_1|       pointer|
|m_axi_input_1_AWBURST    |  out|    2|       m_axi|       input_1|       pointer|
|m_axi_input_1_AWLOCK     |  out|    2|       m_axi|       input_1|       pointer|
|m_axi_input_1_AWCACHE    |  out|    4|       m_axi|       input_1|       pointer|
|m_axi_input_1_AWPROT     |  out|    3|       m_axi|       input_1|       pointer|
|m_axi_input_1_AWQOS      |  out|    4|       m_axi|       input_1|       pointer|
|m_axi_input_1_AWREGION   |  out|    4|       m_axi|       input_1|       pointer|
|m_axi_input_1_AWUSER     |  out|    1|       m_axi|       input_1|       pointer|
|m_axi_input_1_WVALID     |  out|    1|       m_axi|       input_1|       pointer|
|m_axi_input_1_WREADY     |   in|    1|       m_axi|       input_1|       pointer|
|m_axi_input_1_WDATA      |  out|   32|       m_axi|       input_1|       pointer|
|m_axi_input_1_WSTRB      |  out|    4|       m_axi|       input_1|       pointer|
|m_axi_input_1_WLAST      |  out|    1|       m_axi|       input_1|       pointer|
|m_axi_input_1_WID        |  out|    1|       m_axi|       input_1|       pointer|
|m_axi_input_1_WUSER      |  out|    1|       m_axi|       input_1|       pointer|
|m_axi_input_1_ARVALID    |  out|    1|       m_axi|       input_1|       pointer|
|m_axi_input_1_ARREADY    |   in|    1|       m_axi|       input_1|       pointer|
|m_axi_input_1_ARADDR     |  out|   64|       m_axi|       input_1|       pointer|
|m_axi_input_1_ARID       |  out|    1|       m_axi|       input_1|       pointer|
|m_axi_input_1_ARLEN      |  out|    8|       m_axi|       input_1|       pointer|
|m_axi_input_1_ARSIZE     |  out|    3|       m_axi|       input_1|       pointer|
|m_axi_input_1_ARBURST    |  out|    2|       m_axi|       input_1|       pointer|
|m_axi_input_1_ARLOCK     |  out|    2|       m_axi|       input_1|       pointer|
|m_axi_input_1_ARCACHE    |  out|    4|       m_axi|       input_1|       pointer|
|m_axi_input_1_ARPROT     |  out|    3|       m_axi|       input_1|       pointer|
|m_axi_input_1_ARQOS      |  out|    4|       m_axi|       input_1|       pointer|
|m_axi_input_1_ARREGION   |  out|    4|       m_axi|       input_1|       pointer|
|m_axi_input_1_ARUSER     |  out|    1|       m_axi|       input_1|       pointer|
|m_axi_input_1_RVALID     |   in|    1|       m_axi|       input_1|       pointer|
|m_axi_input_1_RREADY     |  out|    1|       m_axi|       input_1|       pointer|
|m_axi_input_1_RDATA      |   in|   32|       m_axi|       input_1|       pointer|
|m_axi_input_1_RLAST      |   in|    1|       m_axi|       input_1|       pointer|
|m_axi_input_1_RID        |   in|    1|       m_axi|       input_1|       pointer|
|m_axi_input_1_RUSER      |   in|    1|       m_axi|       input_1|       pointer|
|m_axi_input_1_RRESP      |   in|    2|       m_axi|       input_1|       pointer|
|m_axi_input_1_BVALID     |   in|    1|       m_axi|       input_1|       pointer|
|m_axi_input_1_BREADY     |  out|    1|       m_axi|       input_1|       pointer|
|m_axi_input_1_BRESP      |   in|    2|       m_axi|       input_1|       pointer|
|m_axi_input_1_BID        |   in|    1|       m_axi|       input_1|       pointer|
|m_axi_input_1_BUSER      |   in|    1|       m_axi|       input_1|       pointer|
|m_axi_output_0_AWVALID   |  out|    1|       m_axi|      output_0|       pointer|
|m_axi_output_0_AWREADY   |   in|    1|       m_axi|      output_0|       pointer|
|m_axi_output_0_AWADDR    |  out|   64|       m_axi|      output_0|       pointer|
|m_axi_output_0_AWID      |  out|    1|       m_axi|      output_0|       pointer|
|m_axi_output_0_AWLEN     |  out|    8|       m_axi|      output_0|       pointer|
|m_axi_output_0_AWSIZE    |  out|    3|       m_axi|      output_0|       pointer|
|m_axi_output_0_AWBURST   |  out|    2|       m_axi|      output_0|       pointer|
|m_axi_output_0_AWLOCK    |  out|    2|       m_axi|      output_0|       pointer|
|m_axi_output_0_AWCACHE   |  out|    4|       m_axi|      output_0|       pointer|
|m_axi_output_0_AWPROT    |  out|    3|       m_axi|      output_0|       pointer|
|m_axi_output_0_AWQOS     |  out|    4|       m_axi|      output_0|       pointer|
|m_axi_output_0_AWREGION  |  out|    4|       m_axi|      output_0|       pointer|
|m_axi_output_0_AWUSER    |  out|    1|       m_axi|      output_0|       pointer|
|m_axi_output_0_WVALID    |  out|    1|       m_axi|      output_0|       pointer|
|m_axi_output_0_WREADY    |   in|    1|       m_axi|      output_0|       pointer|
|m_axi_output_0_WDATA     |  out|   32|       m_axi|      output_0|       pointer|
|m_axi_output_0_WSTRB     |  out|    4|       m_axi|      output_0|       pointer|
|m_axi_output_0_WLAST     |  out|    1|       m_axi|      output_0|       pointer|
|m_axi_output_0_WID       |  out|    1|       m_axi|      output_0|       pointer|
|m_axi_output_0_WUSER     |  out|    1|       m_axi|      output_0|       pointer|
|m_axi_output_0_ARVALID   |  out|    1|       m_axi|      output_0|       pointer|
|m_axi_output_0_ARREADY   |   in|    1|       m_axi|      output_0|       pointer|
|m_axi_output_0_ARADDR    |  out|   64|       m_axi|      output_0|       pointer|
|m_axi_output_0_ARID      |  out|    1|       m_axi|      output_0|       pointer|
|m_axi_output_0_ARLEN     |  out|    8|       m_axi|      output_0|       pointer|
|m_axi_output_0_ARSIZE    |  out|    3|       m_axi|      output_0|       pointer|
|m_axi_output_0_ARBURST   |  out|    2|       m_axi|      output_0|       pointer|
|m_axi_output_0_ARLOCK    |  out|    2|       m_axi|      output_0|       pointer|
|m_axi_output_0_ARCACHE   |  out|    4|       m_axi|      output_0|       pointer|
|m_axi_output_0_ARPROT    |  out|    3|       m_axi|      output_0|       pointer|
|m_axi_output_0_ARQOS     |  out|    4|       m_axi|      output_0|       pointer|
|m_axi_output_0_ARREGION  |  out|    4|       m_axi|      output_0|       pointer|
|m_axi_output_0_ARUSER    |  out|    1|       m_axi|      output_0|       pointer|
|m_axi_output_0_RVALID    |   in|    1|       m_axi|      output_0|       pointer|
|m_axi_output_0_RREADY    |  out|    1|       m_axi|      output_0|       pointer|
|m_axi_output_0_RDATA     |   in|   32|       m_axi|      output_0|       pointer|
|m_axi_output_0_RLAST     |   in|    1|       m_axi|      output_0|       pointer|
|m_axi_output_0_RID       |   in|    1|       m_axi|      output_0|       pointer|
|m_axi_output_0_RUSER     |   in|    1|       m_axi|      output_0|       pointer|
|m_axi_output_0_RRESP     |   in|    2|       m_axi|      output_0|       pointer|
|m_axi_output_0_BVALID    |   in|    1|       m_axi|      output_0|       pointer|
|m_axi_output_0_BREADY    |  out|    1|       m_axi|      output_0|       pointer|
|m_axi_output_0_BRESP     |   in|    2|       m_axi|      output_0|       pointer|
|m_axi_output_0_BID       |   in|    1|       m_axi|      output_0|       pointer|
|m_axi_output_0_BUSER     |   in|    1|       m_axi|      output_0|       pointer|
|m_axi_output_1_AWVALID   |  out|    1|       m_axi|      output_1|       pointer|
|m_axi_output_1_AWREADY   |   in|    1|       m_axi|      output_1|       pointer|
|m_axi_output_1_AWADDR    |  out|   64|       m_axi|      output_1|       pointer|
|m_axi_output_1_AWID      |  out|    1|       m_axi|      output_1|       pointer|
|m_axi_output_1_AWLEN     |  out|    8|       m_axi|      output_1|       pointer|
|m_axi_output_1_AWSIZE    |  out|    3|       m_axi|      output_1|       pointer|
|m_axi_output_1_AWBURST   |  out|    2|       m_axi|      output_1|       pointer|
|m_axi_output_1_AWLOCK    |  out|    2|       m_axi|      output_1|       pointer|
|m_axi_output_1_AWCACHE   |  out|    4|       m_axi|      output_1|       pointer|
|m_axi_output_1_AWPROT    |  out|    3|       m_axi|      output_1|       pointer|
|m_axi_output_1_AWQOS     |  out|    4|       m_axi|      output_1|       pointer|
|m_axi_output_1_AWREGION  |  out|    4|       m_axi|      output_1|       pointer|
|m_axi_output_1_AWUSER    |  out|    1|       m_axi|      output_1|       pointer|
|m_axi_output_1_WVALID    |  out|    1|       m_axi|      output_1|       pointer|
|m_axi_output_1_WREADY    |   in|    1|       m_axi|      output_1|       pointer|
|m_axi_output_1_WDATA     |  out|   32|       m_axi|      output_1|       pointer|
|m_axi_output_1_WSTRB     |  out|    4|       m_axi|      output_1|       pointer|
|m_axi_output_1_WLAST     |  out|    1|       m_axi|      output_1|       pointer|
|m_axi_output_1_WID       |  out|    1|       m_axi|      output_1|       pointer|
|m_axi_output_1_WUSER     |  out|    1|       m_axi|      output_1|       pointer|
|m_axi_output_1_ARVALID   |  out|    1|       m_axi|      output_1|       pointer|
|m_axi_output_1_ARREADY   |   in|    1|       m_axi|      output_1|       pointer|
|m_axi_output_1_ARADDR    |  out|   64|       m_axi|      output_1|       pointer|
|m_axi_output_1_ARID      |  out|    1|       m_axi|      output_1|       pointer|
|m_axi_output_1_ARLEN     |  out|    8|       m_axi|      output_1|       pointer|
|m_axi_output_1_ARSIZE    |  out|    3|       m_axi|      output_1|       pointer|
|m_axi_output_1_ARBURST   |  out|    2|       m_axi|      output_1|       pointer|
|m_axi_output_1_ARLOCK    |  out|    2|       m_axi|      output_1|       pointer|
|m_axi_output_1_ARCACHE   |  out|    4|       m_axi|      output_1|       pointer|
|m_axi_output_1_ARPROT    |  out|    3|       m_axi|      output_1|       pointer|
|m_axi_output_1_ARQOS     |  out|    4|       m_axi|      output_1|       pointer|
|m_axi_output_1_ARREGION  |  out|    4|       m_axi|      output_1|       pointer|
|m_axi_output_1_ARUSER    |  out|    1|       m_axi|      output_1|       pointer|
|m_axi_output_1_RVALID    |   in|    1|       m_axi|      output_1|       pointer|
|m_axi_output_1_RREADY    |  out|    1|       m_axi|      output_1|       pointer|
|m_axi_output_1_RDATA     |   in|   32|       m_axi|      output_1|       pointer|
|m_axi_output_1_RLAST     |   in|    1|       m_axi|      output_1|       pointer|
|m_axi_output_1_RID       |   in|    1|       m_axi|      output_1|       pointer|
|m_axi_output_1_RUSER     |   in|    1|       m_axi|      output_1|       pointer|
|m_axi_output_1_RRESP     |   in|    2|       m_axi|      output_1|       pointer|
|m_axi_output_1_BVALID    |   in|    1|       m_axi|      output_1|       pointer|
|m_axi_output_1_BREADY    |  out|    1|       m_axi|      output_1|       pointer|
|m_axi_output_1_BRESP     |   in|    2|       m_axi|      output_1|       pointer|
|m_axi_output_1_BID       |   in|    1|       m_axi|      output_1|       pointer|
|m_axi_output_1_BUSER     |   in|    1|       m_axi|      output_1|       pointer|
+-------------------------+-----+-----+------------+--------------+--------------+

